<?xml version="1.0" encoding="UTF-8"?>
<!-- Generated by org.testng.reporters.JUnitReportReporter -->
<testsuite hostname="QB-TP3-2925" failures="0" tests="1" name="teslatestpage.testlamain" time="9.258" errors="0" timestamp="2023-03-24T11:11:20 IST" skipped="0">
  <testcase classname="teslatestpage.testlamain" name="clickshop" time="9.258"/>
  <system-out/>
</testsuite> <!-- teslatestpage.testlamain -->
